2025-02-26 10:30:22,582 - FileScannerSkill - INFO - Running FileScannerSkill...
2025-02-26 10:30:22,660 - FileScannerSkill - INFO - Found file: /Users/dpomian/Downloads/globaldns.md
2025-02-26 10:30:22,660 - FileScannerSkill - DEBUG - Returning 1 documents
2025-02-26 10:30:22,660 - DefaultFileReader - INFO - Running DefaultFileReader...
2025-02-26 10:30:30,625 - DefaultFileReader - INFO - Successfully read file: /Users/dpomian/Downloads/globaldns.md
2025-02-26 10:30:30,625 - DefaultFileReader - INFO - Finished reading 1 documents
2025-02-26 10:30:30,625 - SemanticSplitter - INFO - Running SemanticSplitter...
2025-02-26 10:30:30,625 - SemanticSplitter - DEBUG - Processing document: /Users/dpomian/Downloads/globaldns.md
2025-02-26 10:31:21,221 - FileScannerSkill - INFO - Running FileScannerSkill...
2025-02-26 10:31:21,222 - FileScannerSkill - INFO - Found file: /Users/dpomian/Downloads/globaldns.md
2025-02-26 10:31:21,222 - FileScannerSkill - DEBUG - Returning 1 documents
2025-02-26 10:31:21,222 - DefaultFileReader - INFO - Running DefaultFileReader...
2025-02-26 10:31:22,211 - DefaultFileReader - INFO - Successfully read file: /Users/dpomian/Downloads/globaldns.md
2025-02-26 10:31:22,211 - DefaultFileReader - INFO - Finished reading 1 documents
2025-02-26 10:31:22,211 - SemanticSplitter - INFO - Running SemanticSplitter...
2025-02-26 10:31:22,212 - SemanticSplitter - DEBUG - Processing document: /Users/dpomian/Downloads/globaldns.md
2025-02-26 10:38:47,869 - FileScannerSkill - INFO - Running FileScannerSkill...
2025-02-26 10:38:47,871 - FileScannerSkill - INFO - Found file: /Users/dpomian/Downloads/globaldns.md
2025-02-26 10:38:47,871 - FileScannerSkill - DEBUG - Returning 1 documents
2025-02-26 10:38:47,871 - DefaultFileReader - INFO - Running DefaultFileReader...
2025-02-26 10:38:52,035 - DefaultFileReader - INFO - Successfully read file: /Users/dpomian/Downloads/globaldns.md
2025-02-26 10:38:52,035 - DefaultFileReader - INFO - Finished reading 1 documents
2025-02-26 10:38:52,036 - SemanticSplitter - INFO - Running SemanticSplitter...
2025-02-26 10:38:52,036 - SemanticSplitter - DEBUG - Processing document: /Users/dpomian/Downloads/globaldns.md
2025-02-26 10:40:07,682 - FileScannerSkill - INFO - Running FileScannerSkill...
2025-02-26 10:40:07,683 - FileScannerSkill - INFO - Found file: /Users/dpomian/Downloads/globaldns.md
2025-02-26 10:40:07,683 - FileScannerSkill - DEBUG - Returning 1 documents
2025-02-26 10:40:07,683 - DefaultFileReader - INFO - Running DefaultFileReader...
2025-02-26 10:40:08,635 - DefaultFileReader - INFO - Successfully read file: /Users/dpomian/Downloads/globaldns.md
2025-02-26 10:40:08,635 - DefaultFileReader - INFO - Finished reading 1 documents
2025-02-26 10:40:08,635 - SemanticSplitter - INFO - Running SemanticSplitter...
2025-02-26 10:40:08,636 - SemanticSplitter - DEBUG - Processing document: /Users/dpomian/Downloads/globaldns.md
2025-02-26 10:41:41,464 - FileScannerSkill - INFO - Running FileScannerSkill...
2025-02-26 10:41:41,465 - FileScannerSkill - INFO - Found file: /Users/dpomian/Downloads/globaldns.md
2025-02-26 10:41:41,465 - FileScannerSkill - DEBUG - Returning 1 documents
2025-02-26 10:41:41,465 - DefaultFileReader - INFO - Running DefaultFileReader...
2025-02-26 10:41:42,408 - DefaultFileReader - INFO - Successfully read file: /Users/dpomian/Downloads/globaldns.md
2025-02-26 10:41:42,408 - DefaultFileReader - INFO - Finished reading 1 documents
2025-02-26 10:41:42,408 - SemanticSplitter - INFO - Running SemanticSplitter...
2025-02-26 10:41:42,409 - SemanticSplitter - DEBUG - Processing document: /Users/dpomian/Downloads/globaldns.md
2025-02-26 10:42:19,463 - FileScannerSkill - INFO - Running FileScannerSkill...
2025-02-26 10:42:19,464 - FileScannerSkill - INFO - Found file: /Users/dpomian/Downloads/globaldns.md
2025-02-26 10:42:19,464 - FileScannerSkill - DEBUG - Returning 1 documents
2025-02-26 10:42:19,465 - DefaultFileReader - INFO - Running DefaultFileReader...
2025-02-26 10:42:20,380 - DefaultFileReader - INFO - Successfully read file: /Users/dpomian/Downloads/globaldns.md
2025-02-26 10:42:20,382 - DefaultFileReader - INFO - Finished reading 1 documents
2025-02-26 10:42:20,383 - SemanticSplitter - INFO - Running SemanticSplitter...
2025-02-26 10:43:47,693 - ScrollWorldExporterSkill - INFO - Running ScrollWorldExporter
2025-02-26 10:43:47,693 - ScrollWorldExporterSkill - DEBUG - Exporting confluence page: 1774209540
2025-02-26 10:44:25,254 - ScrollWorldExporterSkill - INFO - Running ScrollWorldExporter
2025-02-26 10:44:25,254 - ScrollWorldExporterSkill - DEBUG - Exporting confluence page: 1774209540
2025-02-26 10:44:35,907 - FileScannerSkill - INFO - Running FileScannerSkill...
2025-02-26 10:44:35,908 - FileScannerSkill - INFO - Found file: /Users/dpomian/Downloads/globaldns.md
2025-02-26 10:44:35,908 - FileScannerSkill - DEBUG - Returning 1 documents
2025-02-26 10:44:35,908 - DefaultFileReader - INFO - Running DefaultFileReader...
2025-02-26 10:44:37,362 - DefaultFileReader - INFO - Successfully read file: /Users/dpomian/Downloads/globaldns.md
2025-02-26 10:44:37,362 - DefaultFileReader - INFO - Finished reading 1 documents
2025-02-26 10:44:37,362 - SemanticSplitter - INFO - Running SemanticSplitter...
2025-02-26 10:44:37,363 - SemanticSplitter - DEBUG - Processing document: /Users/dpomian/Downloads/globaldns.md
2025-02-26 10:52:24,616 - ScrollWorldExporterSkill - INFO - Running ScrollWorldExporter
2025-02-26 10:52:24,616 - ScrollWorldExporterSkill - DEBUG - Exporting confluence page: 1774209540
2025-02-26 11:05:10,956 - ScrollWorldExporterSkill - INFO - Running ScrollWorldExporter
2025-02-26 11:05:10,956 - ScrollWorldExporterSkill - DEBUG - Exporting confluence page: 1774209540
2025-02-26 12:10:38,333 - ScrollWorldExporterSkill - INFO - Running ScrollWorldExporter
2025-02-26 12:10:38,334 - ScrollWorldExporterSkill - DEBUG - Exporting confluence page: 1774209540
2025-02-26 12:13:07,747 - ScrollWorldExporterSkill - INFO - Running ScrollWorldExporter
2025-02-26 12:13:07,747 - ScrollWorldExporterSkill - DEBUG - Exporting confluence page: 1774209540
2025-02-26 12:13:35,888 - ScrollWorldExporterSkill - INFO - Running ScrollWorldExporter
2025-02-26 12:13:35,888 - ScrollWorldExporterSkill - DEBUG - Exporting confluence page: 1774209540
2025-02-26 18:06:21,273 - ScrollWorldExporterSkill - INFO - Running ScrollWorldExporter
2025-02-26 18:06:21,274 - ScrollWorldExporterSkill - DEBUG - Exporting confluence page: 1774209540
2025-02-26 18:08:01,036 - ScrollWorldExporterSkill - INFO - Running ScrollWorldExporter
2025-02-26 18:08:01,036 - ScrollWorldExporterSkill - DEBUG - Exporting confluence page: 1774209540
2025-02-26 18:08:58,750 - ScrollWorldExporterSkill - INFO - Running ScrollWorldExporter
2025-02-26 18:08:58,750 - ScrollWorldExporterSkill - DEBUG - Exporting confluence page: 1774209540
2025-02-26 18:09:21,388 - ScrollWorldExporterSkill - DEBUG - Step 3 of 3 (100%)
2025-02-26 18:09:23,968 - ScrollWorldExporterSkill - DEBUG - Exporting confluence page: 1774209540
2025-02-26 18:09:46,580 - ScrollWorldExporterSkill - DEBUG - Step 3 of 3 (100%)
2025-02-26 18:25:26,209 - ScrollWorldExporterSkill - INFO - Running ScrollWorldExporter
2025-02-26 18:25:26,210 - ScrollWorldExporterSkill - DEBUG - Exporting confluence page: 1774209540
2025-02-26 18:25:48,865 - ScrollWorldExporterSkill - DEBUG - Step 3 of 3 (100%)
2025-02-26 18:25:51,629 - ScrollWorldExporterSkill - DEBUG - Stored downloaded file at: /Users/dpomian/Downloads/sw_export_temp/Unleash the power of GenAI without breaking the bank!-v10-20250226_172543.docx
2025-02-26 18:25:51,629 - ScrollWorldExporterSkill - DEBUG - Exporting confluence page: 1774209540
2025-02-26 18:26:13,827 - ScrollWorldExporterSkill - DEBUG - Step 3 of 3 (0%)
2025-02-26 18:26:34,411 - ScrollWorldExporterSkill - DEBUG - Step 3 of 3 (100%)
2025-02-26 18:26:37,074 - ScrollWorldExporterSkill - DEBUG - Stored downloaded file at: /Users/dpomian/Downloads/sw_export_temp/Unleash the power of GenAI without breaking the bank!-v10-20250226_172613.docx
2025-02-26 18:28:24,116 - FileScannerSkill - INFO - Running FileScannerSkill...
2025-02-26 18:28:24,137 - FileScannerSkill - INFO - Found file: /Users/dpomian/Downloads/globaldns.md
2025-02-26 18:28:24,137 - FileScannerSkill - DEBUG - Returning 1 documents
2025-02-26 18:28:24,137 - DefaultFileReader - INFO - Running DefaultFileReader...
2025-02-26 18:28:25,263 - DefaultFileReader - INFO - Successfully read file: /Users/dpomian/Downloads/globaldns.md
2025-02-26 18:28:25,263 - DefaultFileReader - INFO - Finished reading 1 documents
2025-02-26 18:28:25,263 - SemanticSplitter - INFO - Running SemanticSplitter...
2025-02-26 18:28:25,263 - SemanticSplitter - DEBUG - Processing document: /Users/dpomian/Downloads/globaldns.md
2025-02-26 18:30:16,537 - FileScannerSkill - INFO - Running FileScannerSkill...
2025-02-26 18:30:16,538 - FileScannerSkill - INFO - Found file: /Users/dpomian/Downloads/globaldns.md
2025-02-26 18:30:16,538 - FileScannerSkill - DEBUG - Returning 1 documents
2025-02-26 18:30:16,539 - DefaultFileReader - INFO - Running DefaultFileReader...
2025-02-26 18:30:17,567 - DefaultFileReader - INFO - Successfully read file: /Users/dpomian/Downloads/globaldns.md
2025-02-26 18:30:17,567 - DefaultFileReader - INFO - Finished reading 1 documents
2025-02-26 18:30:17,568 - SemanticSplitter - INFO - Running SemanticSplitter...
2025-02-26 18:30:17,568 - SemanticSplitter - DEBUG - Processing document: /Users/dpomian/Downloads/globaldns.md
2025-02-26 18:30:19,397 - SemanticSplitter - DEBUG - Split /Users/dpomian/Downloads/globaldns.md into 3 chunks
